app/build/outputs/logs/manifest-merger-debug-report.txt
-- Merging decision tree log ---
manifest
ADDED from src\main\AndroidManifest.xml:2:1-64:12
	package
		ADDED from src\main\AndroidManifest.xml:3:7-25
		INJECTED from src\main\AndroidManifest.xml
		INJECTED from src\main\AndroidManifest.xml
	android:versionName
		ADDED from src\main\AndroidManifest.xml:3:50-75
		INJECTED from src\main\AndroidManifest.xml
		INJECTED from src\main\AndroidManifest.xml
	android:versionCode
		ADDED from src\main\AndroidManifest.xml:3:26-49
		INJECTED from src\main\AndroidManifest.xml
		INJECTED from src\main\AndroidManifest.xml
	xmlns:android
		ADDED from src\main\AndroidManifest.xml:2:11-69
application
ADDED from src\main\AndroidManifest.xml:4:5-62:18
	android:label
		ADDED from src\main\AndroidManifest.xml:4:48-80
	android:icon
		ADDED from src\main\AndroidManifest.xml:4:18-47
provider#andy.ham.LifeDiaryContentProvider
ADDED from src\main\AndroidManifest.xml:5:6-6:58
	android:authorities
		ADDED from src\main\AndroidManifest.xml:6:4-55
	android:name
		ADDED from src\main\AndroidManifest.xml:5:16-55
activity#andy.ham.Welcome
ADDED from src\main\AndroidManifest.xml:8:9-15:13
	android:label
		ADDED from src\main\AndroidManifest.xml:10:3-44
	android:theme
		ADDED from src\main\AndroidManifest.xml:9:3-45
	android:name
		ADDED from src\main\AndroidManifest.xml:8:19-42
intent-filter#android.intent.action.MAIN+android.intent.category.LAUNCHER
ADDED from src\main\AndroidManifest.xml:11:3-14:19
action#android.intent.action.MAIN
ADDED from src\main\AndroidManifest.xml:12:4-56
	android:name
		ADDED from src\main\AndroidManifest.xml:12:12-53
category#android.intent.category.LAUNCHER
ADDED from src\main\AndroidManifest.xml:13:4-64
	android:name
		ADDED from src\main\AndroidManifest.xml:13:14-61
activity#andy.ham.MainActivity
ADDED from src\main\AndroidManifest.xml:16:3-20:14
	android:label
		ADDED from src\main\AndroidManifest.xml:18:4-45
	android:theme
		ADDED from src\main\AndroidManifest.xml:17:4-46
	android:name
		ADDED from src\main\AndroidManifest.xml:16:13-41
activity#andy.ham.RegisterActivity
ADDED from src\main\AndroidManifest.xml:21:3-26:14
	android:label
		ADDED from src\main\AndroidManifest.xml:23:4-45
	android:theme
		ADDED from src\main\AndroidManifest.xml:22:4-46
	android:name
		ADDED from src\main\AndroidManifest.xml:21:13-45
activity#andy.ham.LifeDiary
ADDED from src\main\AndroidManifest.xml:27:3-31:14
	android:label
		ADDED from src\main\AndroidManifest.xml:29:4-45
	android:theme
		ADDED from src\main\AndroidManifest.xml:28:4-46
	android:name
		ADDED from src\main\AndroidManifest.xml:27:13-38
activity#andy.ham.DiaryEditor
ADDED from src\main\AndroidManifest.xml:33:2-61:14
	android:label
		ADDED from src\main\AndroidManifest.xml:35:4-39
	android:theme
		ADDED from src\main\AndroidManifest.xml:34:4-46
	android:name
		ADDED from src\main\AndroidManifest.xml:33:12-39
intent-filter#android.intent.category.DEFAULT+andy.ham.DiaryEditor.EDIT_DIARY
ADDED from src\main\AndroidManifest.xml:37:4-43:20
action#andy.ham.DiaryEditor.EDIT_DIARY
ADDED from src\main\AndroidManifest.xml:38:5-62
	android:name
		ADDED from src\main\AndroidManifest.xml:38:13-59
category#android.intent.category.DEFAULT
ADDED from src\main\AndroidManifest.xml:39:5-40:55
	android:name
		ADDED from src\main\AndroidManifest.xml:40:6-52
data
ADDED from src\main\AndroidManifest.xml:41:5-42:68
	android:mimeType
		ADDED from src\main\AndroidManifest.xml:42:6-65
intent-filter#android.intent.category.DEFAULT+andy.ham.DiaryEditor.action.INSERT_DIARY
ADDED from src\main\AndroidManifest.xml:46:4-52:20
action#andy.ham.DiaryEditor.action.INSERT_DIARY
ADDED from src\main\AndroidManifest.xml:47:5-71
	android:name
		ADDED from src\main\AndroidManifest.xml:47:13-68
intent-filter#android.intent.category.DEFAULT+andy.ham.DiaryEditor.action.DELETE_DIARY
ADDED from src\main\AndroidManifest.xml:54:4-60:20
action#andy.ham.DiaryEditor.action.DELETE_DIARY
ADDED from src\main\AndroidManifest.xml:55:5-70
	android:name
		ADDED from src\main\AndroidManifest.xml:55:13-68
uses-sdk
ADDED from src\main\AndroidManifest.xml:63:5-43
	android:targetSdkVersion
		INJECTED from src\main\AndroidManifest.xml
		INJECTED from src\main\AndroidManifest.xml
	android:minSdkVersion
		ADDED from src\main\AndroidManifest.xml:63:15-40
		INJECTED from src\main\AndroidManifest.xml
		INJECTED from src\main\AndroidManifest.xml